Source ID: 16445388
DB title: 김상욱 휴가 사용 신청서	 입니다. ( 여름휴가 )
CSV post_title: 김상욱 휴가 사용 신청서  입니다. ( 여름휴가 )

Source ID: 16590692
DB title: 김상욱 휴가 사용 신청서	 입니다.
CSV post_title: 김상욱 휴가 사용 신청서  입니다.

Source ID: 16662509
DB title: 김상욱 휴가 사용 신청서	 입니다.
CSV post_title: 김상욱 휴가 사용 신청서  입니다.

Source ID: 17167524
DB title: 김상욱 휴가 사용 신청서	 입니다.
CSV post_title: 김상욱 휴가 사용 신청서  입니다.

Source ID: 17229909
DB title: 김상욱 휴가 사용 신청서	 입니다. ( 건강검진 )
CSV post_title: 김상욱 휴가 사용 신청서  입니다. ( 건강검진 )

Source ID: 17229943
DB title: 김상욱 휴가 사용 신청서	 입니다.
CSV post_title: 김상욱 휴가 사용 신청서  입니다.

Source ID: 17399268
DB title: 김상욱 휴가 사용 신청서	 입니다.
CSV post_title: 김상욱 휴가 사용 신청서  입니다.

Source ID: 18240639
DB title: 야간 교통비 신청드립니다.
CSV post_title: 야간 교통비 신청드립니다.

Source ID: 18818028
DB title: 김상욱 휴가 사용 신청서	 입니다.
CSV post_title: 김상욱 휴가 사용 신청서  입니다.

Source ID: 22128160
DB title: 20240109_사원_강현 휴가신청합니다
CSV post_title: 20240109_사원_강현 휴가신청합니다

Source ID: 25968392
DB title: 8월 KR-02호 ㈜다우기술	 P2725DE * 2EA 발주의 건
CSV post_title: 8월 KR-02호 ㈜다우기술  P2725DE * 2EA 발주의 건

