Source ID: 8186806
DB title: 휴가 사용 신청서_이의환 사원
CSV post_title: 동우화인켐 단기출장 품의

Source ID: 8186810
DB title: 휴가 사용 신청서_최태영 사원
CSV post_title: 동우화인켐 단기출장 품의

Source ID: 8191084
DB title: 08-02 다우기술 Server x 1대
CSV post_title: 동우화인켐 단기출장 품의

Source ID: 8190976
DB title: 09-07 경동 Service x 1대
CSV post_title: 동우화인켐 단기출장 품의

Source ID: 8190996
DB title: 09-08 NHN Monitor x 18대
CSV post_title: 동우화인켐 단기출장 품의

Source ID: 8191027
DB title: 09-09 DCT Server, Monitor x 10대
CSV post_title: 동우화인켐 단기출장 품의

Source ID: 8199688
DB title: 09-10 NHN Monitor x 18대
CSV post_title: 동우화인켐 단기출장 품의

Source ID: 8196956
DB title: 2017.09.08 휴가 품의서
CSV post_title: 동우화인켐 단기출장 품의

Source ID: 8199830
DB title: [대금 결제 요청] 자사 쇼핑백(小) 제작의 건
CSV post_title: 동우화인켐 단기출장 품의

Source ID: 8210175
DB title: 09-11 이랜드 PC, Monitor x 50대
CSV post_title: 동우화인켐 단기출장 품의

Source ID: 8210151
DB title: 09-12 이랜드 NB x 40대
CSV post_title: 동우화인켐 단기출장 품의

Source ID: 8210221
DB title: 09-13 이랜드 NB x 6대
CSV post_title: 동우화인켐 단기출장 품의

Source ID: 8205963
DB title: 2017년 09월 15일(금) 휴가
CSV post_title: 동우화인켐 단기출장 품의

Source ID: 8210102
DB title: [입사품의] 신입사원 입사 품의_김정민
CSV post_title: 동우화인켐 단기출장 품의

